<?xml version="1.0" encoding="UTF-8"?>
<!-- Generated by org.testng.reporters.JUnitXMLReporter -->
<testsuite hostname="YEAR2020" ignored="2" name="Test" tests="2" failures="0" timestamp="2020-04-13T01:24:24 WAT" time="18.538" errors="0">
  <testcase name="validLogin" time="6.841" classname="com.konga.testcase.LoginTest"/>
  <testcase name="searchproduct" time="11.632" classname="com.konga.testcase.SearchTest"/>
  <testcase name="@BeforeSuite setUp" time="0.0" classname="com.konga.base.TestBase">
    <ignored/>
  </testcase> <!-- @BeforeSuite setUp -->
  <testcase name="@AfterSuite tearDown" time="0.0" classname="com.konga.base.TestBase">
    <ignored/>
  </testcase> <!-- @AfterSuite tearDown -->
</testsuite> <!-- Test -->
